<?xml version="1.0" encoding="UTF-8"?>
<testng-results ignored="37" total="38" passed="1" failed="0" skipped="0">
  <reporter-output>
  </reporter-output>
  <suite started-at="2023-06-21T11:19:28 EDT" name="FirstSuite" finished-at="2023-06-21T11:19:34 EDT" duration-ms="5700">
    <groups>
    </groups>
    <test started-at="2023-06-21T11:19:28 EDT" name="FirstTest" finished-at="2023-06-21T11:19:34 EDT" duration-ms="5700">
      <class name="salesForce.com.tests.SalesForce_Auto_TestScripts">
        <test-method is-config="true" signature="setUpForBeforeTest()[pri:0, instance:salesForce.com.tests.SalesForce_Auto_TestScripts@61001b64]" started-at="2023-06-21T11:19:28 EDT" name="setUpForBeforeTest" finished-at="2023-06-21T11:19:29 EDT" duration-ms="571" status="PASS">
          <reporter-output>
          </reporter-output>
        </test-method> <!-- setUpForBeforeTest -->
        <test-method is-config="true" signature="setUpBeforeTestMethod(java.lang.String)[pri:0, instance:salesForce.com.tests.SalesForce_Auto_TestScripts@61001b64]" started-at="2023-06-21T11:19:29 EDT" name="setUpBeforeTestMethod" finished-at="2023-06-21T11:19:32 EDT" duration-ms="3633" status="PASS">
          <params>
            <param index="0">
              <value>
                <![CDATA[chrome]]>
              </value>
            </param>
          </params>
          <reporter-output>
          </reporter-output>
        </test-method> <!-- setUpBeforeTestMethod -->
        <test-method signature="TestCase1_InvalidLogin()[pri:0, instance:salesForce.com.tests.SalesForce_Auto_TestScripts@61001b64]" started-at="2023-06-21T11:19:32 EDT" name="TestCase1_InvalidLogin" finished-at="2023-06-21T11:19:34 EDT" duration-ms="1459" status="PASS">
          <reporter-output>
          </reporter-output>
        </test-method> <!-- TestCase1_InvalidLogin -->
        <test-method is-config="true" signature="tearDownAfterTestMethod()[pri:0, instance:salesForce.com.tests.SalesForce_Auto_TestScripts@61001b64]" started-at="2023-06-21T11:19:34 EDT" name="tearDownAfterTestMethod" finished-at="2023-06-21T11:19:34 EDT" duration-ms="1" status="PASS">
          <reporter-output>
          </reporter-output>
        </test-method> <!-- tearDownAfterTestMethod -->
      </class> <!-- salesForce.com.tests.SalesForce_Auto_TestScripts -->
    </test> <!-- FirstTest -->
  </suite> <!-- FirstSuite -->
</testng-results>
